Build started 10/6/2014 12:01:20 PM.
     1>Project "E:\MS IN COMPUTER ENG\Fall 2014 semester 2\ADS\Assignment2\Assignment2\Assignment2\Assignment2.vcxproj" on node 2 (Build target(s)).
     1>ClCompile:
         C:\Program Files (x86)\Microsoft Visual Studio 12.0\VC\bin\CL.exe /c /ZI /nologo /W3 /WX- /sdl /Od /Oy- /D _MBCS /Gm /EHsc /RTC1 /MDd /GS /fp:precise /Zc:wchar_t /Zc:forScope /Fo"Debug\\" /Fd"Debug\vc120.pdb" /Gd /TP /analyze- /errorReport:prompt Grader02.cpp
         Grader02.cpp
     1>e:\ms in computer eng\fall 2014 semester 2\ads\assignment2\assignment2\assignment2\grader02.cpp(237): warning C4018: '<' : signed/unsigned mismatch
     1>e:\ms in computer eng\fall 2014 semester 2\ads\assignment2\assignment2\assignment2\grader02.cpp(361): warning C4018: '<' : signed/unsigned mismatch
       Link:
         C:\Program Files (x86)\Microsoft Visual Studio 12.0\VC\bin\link.exe /ERRORREPORT:PROMPT /OUT:"E:\MS IN COMPUTER ENG\Fall 2014 semester 2\ADS\Assignment2\Assignment2\Debug\Assignment2.exe" /INCREMENTAL /NOLOGO kernel32.lib user32.lib gdi32.lib winspool.lib comdlg32.lib advapi32.lib shell32.lib ole32.lib oleaut32.lib uuid.lib odbc32.lib odbccp32.lib /MANIFEST /MANIFESTUAC:"level='asInvoker' uiAccess='false'" /manifest:embed /DEBUG /PDB:"E:\MS IN COMPUTER ENG\Fall 2014 semester 2\ADS\Assignment2\Assignment2\Debug\Assignment2.pdb" /TLBID:1 /DYNAMICBASE /NXCOMPAT /IMPLIB:"E:\MS IN COMPUTER ENG\Fall 2014 semester 2\ADS\Assignment2\Assignment2\Debug\Assignment2.lib" /MACHINE:X86 Debug\AbstractGrader.obj
         Debug\Date.obj
         Debug\DoubleList.obj
         Debug\DoubleNode.obj
         Debug\Factory02.obj
         Debug\GoldPriorityQueue.obj
         Debug\Grader02.obj
         Debug\KeyValue.obj
         Debug\PriorityQueue.obj
         Debug\VectorKeyValue.obj
         Debug\VectorString.obj
         Debug\main.obj
         Debug\ObjectFactory.obj
         Debug\Random.obj
         Debug\Stopwatch.obj
         Debug\UnixStopwatch.obj
         Debug\WindowsStopwatch.obj
         Assignment2.vcxproj -> E:\MS IN COMPUTER ENG\Fall 2014 semester 2\ADS\Assignment2\Assignment2\Debug\Assignment2.exe
     1>Done Building Project "E:\MS IN COMPUTER ENG\Fall 2014 semester 2\ADS\Assignment2\Assignment2\Assignment2\Assignment2.vcxproj" (Build target(s)).

Build succeeded.

Time Elapsed 00:00:01.94
